# JRE version: OpenJDK Runtime Environment (24.0.2+12) (build 24.0.2+12-54)
# Java VM: OpenJDK 64-Bit Server VM (24.0.2+12-54, mixed mode, sharing, tiered, compressed oops, compressed class ptrs, g1 gc, windows-amd64)
GC Precious Log:
 CardTable entry size: 512
 Card Set container configuration: InlinePtr #cards 5 size 8 Array Of Cards #cards 10 size 36 Howl #buckets 4 coarsen threshold 1843 Howl Bitmap #cards 512 size 80 coarsen threshold 460 Card regions per heap region 1 cards per card region 2048
 CPUs: 8 total, 8 available
 Memory: 5965M
 Large Page Support: Disabled
 NUMA Support: Disabled
 Compressed Oops: Enabled (32-bit)
 Heap Region Size: 1M
 Heap Min Capacity: 8M
 Heap Initial Capacity: 94M
 Heap Max Capacity: 1492M
 Pre-touch: Disabled
 Parallel Workers: 8
 Concurrent Workers: 2
 Concurrent Refinement Workers: 8
 Periodic GC: Disabled
Heap:
 garbage-first heap   total reserved 1527808K, committed 112640K, used 73019K [0x00000000a2c00000, 0x0000000100000000)
  region size 1024K, 16 young (16384K), 2 survivors (2048K)
 Metaspace       used 88130K, committed 88640K, reserved 1179648K
  class space    used 9794K, committed 9984K, reserved 1048576K
GC Heap History (20 events):
Event: 11.910 GC heap before
{Heap before GC invocations=16 (full 0):
 garbage-first heap   total reserved 1527808K, committed 78848K, used 66878K [0x00000000a2c00000, 0x0000000100000000)
  region size 1024K, 30 young (30720K), 3 survivors (3072K)
 Metaspace       used 66777K, committed 67200K, reserved 1114112K
  class space    used 6857K, committed 7040K, reserved 1048576K
}
Event: 11.913 GC heap after
{Heap after GC invocations=17 (full 0):
 garbage-first heap   total reserved 1527808K, committed 78848K, used 42266K [0x00000000a2c00000, 0x0000000100000000)
  region size 1024K, 4 young (4096K), 4 survivors (4096K)
 Metaspace       used 66777K, committed 67200K, reserved 1114112K
  class space    used 6857K, committed 7040K, reserved 1048576K
}
Event: 12.611 GC heap before
{Heap before GC invocations=18 (full 0):
 garbage-first heap   total reserved 1527808K, committed 78848K, used 67866K [0x00000000a2c00000, 0x0000000100000000)
  region size 1024K, 30 young (30720K), 4 survivors (4096K)
 Metaspace       used 72820K, committed 73344K, reserved 1179648K
  class space    used 7696K, committed 7936K, reserved 1048576K
}
Event: 12.615 GC heap after
{Heap after GC invocations=19 (full 0):
 garbage-first heap   total reserved 1527808K, committed 78848K, used 43513K [0x00000000a2c00000, 0x0000000100000000)
  region size 1024K, 4 young (4096K), 4 survivors (4096K)
 Metaspace       used 72820K, committed 73344K, reserved 1179648K
  class space    used 7696K, committed 7936K, reserved 1048576K
}
Event: 12.906 GC heap before
{Heap before GC invocations=19 (full 0):
 garbage-first heap   total reserved 1527808K, committed 78848K, used 68089K [0x00000000a2c00000, 0x0000000100000000)
  region size 1024K, 28 young (28672K), 4 survivors (4096K)
 Metaspace       used 74282K, committed 74816K, reserved 1179648K
  class space    used 7836K, committed 8064K, reserved 1048576K
}
Event: 12.909 GC heap after
{Heap after GC invocations=20 (full 0):
 garbage-first heap   total reserved 1527808K, committed 78848K, used 43308K [0x00000000a2c00000, 0x0000000100000000)
  region size 1024K, 2 young (2048K), 2 survivors (2048K)
 Metaspace       used 74282K, committed 74816K, reserved 1179648K
  class space    used 7836K, committed 8064K, reserved 1048576K
}
Event: 21.024 GC heap before
{Heap before GC invocations=20 (full 0):
 garbage-first heap   total reserved 1527808K, committed 78848K, used 70956K [0x00000000a2c00000, 0x0000000100000000)
  region size 1024K, 29 young (29696K), 2 survivors (2048K)
 Metaspace       used 78877K, committed 79424K, reserved 1179648K
  class space    used 8336K, committed 8576K, reserved 1048576K
}
Event: 21.028 GC heap after
{Heap after GC invocations=21 (full 0):
 garbage-first heap   total reserved 1527808K, committed 78848K, used 45743K [0x00000000a2c00000, 0x0000000100000000)
  region size 1024K, 4 young (4096K), 4 survivors (4096K)
 Metaspace       used 78877K, committed 79424K, reserved 1179648K
  class space    used 8336K, committed 8576K, reserved 1048576K
}
Event: 21.743 GC heap before
{Heap before GC invocations=22 (full 0):
 garbage-first heap   total reserved 1527808K, committed 78848K, used 69295K [0x00000000a2c00000, 0x0000000100000000)
  region size 1024K, 27 young (27648K), 4 survivors (4096K)
 Metaspace       used 81460K, committed 81984K, reserved 1179648K
  class space    used 8640K, committed 8832K, reserved 1048576K
}
Event: 21.747 GC heap after
{Heap after GC invocations=23 (full 0):
 garbage-first heap   total reserved 1527808K, committed 78848K, used 47654K [0x00000000a2c00000, 0x0000000100000000)
  region size 1024K, 2 young (2048K), 2 survivors (2048K)
 Metaspace       used 81460K, committed 81984K, reserved 1179648K
  class space    used 8640K, committed 8832K, reserved 1048576K
}
Event: 22.155 GC heap before
{Heap before GC invocations=23 (full 0):
 garbage-first heap   total reserved 1527808K, committed 78848K, used 70182K [0x00000000a2c00000, 0x0000000100000000)
  region size 1024K, 25 young (25600K), 2 survivors (2048K)
 Metaspace       used 82709K, committed 83264K, reserved 1179648K
  class space    used 8775K, committed 9024K, reserved 1048576K
}
Event: 22.161 GC heap after
{Heap after GC invocations=24 (full 0):
 garbage-first heap   total reserved 1527808K, committed 78848K, used 48674K [0x00000000a2c00000, 0x0000000100000000)
  region size 1024K, 4 young (4096K), 4 survivors (4096K)
 Metaspace       used 82709K, committed 83264K, reserved 1179648K
  class space    used 8775K, committed 9024K, reserved 1048576K
}
Event: 22.588 GC heap before
{Heap before GC invocations=24 (full 0):
 garbage-first heap   total reserved 1527808K, committed 78848K, used 68130K [0x00000000a2c00000, 0x0000000100000000)
  region size 1024K, 23 young (23552K), 4 survivors (4096K)
 Metaspace       used 84847K, committed 85376K, reserved 1179648K
  class space    used 9229K, committed 9472K, reserved 1048576K
}
Event: 22.592 GC heap after
{Heap after GC invocations=25 (full 0):
 garbage-first heap   total reserved 1527808K, committed 78848K, used 50378K [0x00000000a2c00000, 0x0000000100000000)
  region size 1024K, 3 young (3072K), 3 survivors (3072K)
 Metaspace       used 84847K, committed 85376K, reserved 1179648K
  class space    used 9229K, committed 9472K, reserved 1048576K
}
Event: 22.725 GC heap before
{Heap before GC invocations=26 (full 0):
 garbage-first heap   total reserved 1527808K, committed 86016K, used 69834K [0x00000000a2c00000, 0x0000000100000000)
  region size 1024K, 22 young (22528K), 3 survivors (3072K)
 Metaspace       used 84863K, committed 85376K, reserved 1179648K
  class space    used 9231K, committed 9472K, reserved 1048576K
}
Event: 22.730 GC heap after
{Heap after GC invocations=27 (full 0):
 garbage-first heap   total reserved 1527808K, committed 86016K, used 53826K [0x00000000a2c00000, 0x0000000100000000)
  region size 1024K, 3 young (3072K), 3 survivors (3072K)
 Metaspace       used 84863K, committed 85376K, reserved 1179648K
  class space    used 9231K, committed 9472K, reserved 1048576K
}
Event: 22.918 GC heap before
{Heap before GC invocations=27 (full 0):
 garbage-first heap   total reserved 1527808K, committed 86016K, used 76354K [0x00000000a2c00000, 0x0000000100000000)
  region size 1024K, 26 young (26624K), 3 survivors (3072K)
 Metaspace       used 86418K, committed 86976K, reserved 1179648K
  class space    used 9555K, committed 9792K, reserved 1048576K
}
Event: 22.925 GC heap after
{Heap after GC invocations=28 (full 0):
 garbage-first heap   total reserved 1527808K, committed 88064K, used 58562K [0x00000000a2c00000, 0x0000000100000000)
  region size 1024K, 4 young (4096K), 4 survivors (4096K)
 Metaspace       used 86418K, committed 86976K, reserved 1179648K
  class space    used 9555K, committed 9792K, reserved 1048576K
}
Event: 23.035 GC heap before
{Heap before GC invocations=28 (full 0):
 garbage-first heap   total reserved 1527808K, committed 88064K, used 78018K [0x00000000a2c00000, 0x0000000100000000)
  region size 1024K, 23 young (23552K), 4 survivors (4096K)
 Metaspace       used 86857K, committed 87360K, reserved 1179648K
  class space    used 9669K, committed 9856K, reserved 1048576K
}
Event: 23.039 GC heap after
{Heap after GC invocations=29 (full 0):
 garbage-first heap   total reserved 1527808K, committed 112640K, used 60731K [0x00000000a2c00000, 0x0000000100000000)
  region size 1024K, 2 young (2048K), 2 survivors (2048K)
 Metaspace       used 86857K, committed 87360K, reserved 1179648K
  class space    used 9669K, committed 9856K, reserved 1048576K
}

