# JRE version: OpenJDK Runtime Environment (24.0.2+12) (build 24.0.2+12-54)
# Java VM: OpenJDK 64-Bit Server VM (24.0.2+12-54, mixed mode, sharing, tiered, compressed oops, compressed class ptrs, g1 gc, windows-amd64)
GC Precious Log:
 CardTable entry size: 512
 Card Set container configuration: InlinePtr #cards 5 size 8 Array Of Cards #cards 10 size 36 Howl #buckets 4 coarsen threshold 1843 Howl Bitmap #cards 512 size 80 coarsen threshold 460 Card regions per heap region 1 cards per card region 2048
 CPUs: 8 total, 8 available
 Memory: 5965M
 Large Page Support: Disabled
 NUMA Support: Disabled
 Compressed Oops: Enabled (32-bit)
 Heap Region Size: 1M
 Heap Min Capacity: 8M
 Heap Initial Capacity: 94M
 Heap Max Capacity: 1492M
 Pre-touch: Disabled
 Parallel Workers: 8
 Concurrent Workers: 2
 Concurrent Refinement Workers: 8
 Periodic GC: Disabled
Heap:
 garbage-first heap   total reserved 1527808K, committed 184320K, used 132616K [0x00000000a2c00000, 0x0000000100000000)
  region size 1024K, 82 young (83968K), 9 survivors (9216K)
 Metaspace       used 109357K, committed 110208K, reserved 1179648K
  class space    used 12423K, committed 12800K, reserved 1048576K
GC Heap History (20 events):
Event: 23.056 GC heap before
{Heap before GC invocations=21 (full 0):
 garbage-first heap   total reserved 1527808K, committed 75776K, used 62788K [0x00000000a2c00000, 0x0000000100000000)
  region size 1024K, 21 young (21504K), 3 survivors (3072K)
 Metaspace       used 78789K, committed 79424K, reserved 1179648K
  class space    used 8361K, committed 8640K, reserved 1048576K
}
Event: 23.062 GC heap after
{Heap after GC invocations=22 (full 0):
 garbage-first heap   total reserved 1527808K, committed 75776K, used 46379K [0x00000000a2c00000, 0x0000000100000000)
  region size 1024K, 2 young (2048K), 2 survivors (2048K)
 Metaspace       used 78789K, committed 79424K, reserved 1179648K
  class space    used 8361K, committed 8640K, reserved 1048576K
}
Event: 23.485 GC heap before
{Heap before GC invocations=22 (full 0):
 garbage-first heap   total reserved 1527808K, committed 75776K, used 66859K [0x00000000a2c00000, 0x0000000100000000)
  region size 1024K, 23 young (23552K), 2 survivors (2048K)
 Metaspace       used 81152K, committed 81792K, reserved 1179648K
  class space    used 8609K, committed 8896K, reserved 1048576K
}
Event: 23.490 GC heap after
{Heap after GC invocations=23 (full 0):
 garbage-first heap   total reserved 1527808K, committed 75776K, used 47647K [0x00000000a2c00000, 0x0000000100000000)
  region size 1024K, 2 young (2048K), 2 survivors (2048K)
 Metaspace       used 81152K, committed 81792K, reserved 1179648K
  class space    used 8609K, committed 8896K, reserved 1048576K
}
Event: 23.918 GC heap before
{Heap before GC invocations=23 (full 0):
 garbage-first heap   total reserved 1527808K, committed 75776K, used 68127K [0x00000000a2c00000, 0x0000000100000000)
  region size 1024K, 22 young (22528K), 2 survivors (2048K)
 Metaspace       used 83535K, committed 84160K, reserved 1179648K
  class space    used 9068K, committed 9344K, reserved 1048576K
}
Event: 23.920 GC heap after
{Heap after GC invocations=24 (full 0):
 garbage-first heap   total reserved 1527808K, committed 75776K, used 48779K [0x00000000a2c00000, 0x0000000100000000)
  region size 1024K, 2 young (2048K), 2 survivors (2048K)
 Metaspace       used 83535K, committed 84160K, reserved 1179648K
  class space    used 9068K, committed 9344K, reserved 1048576K
}
Event: 24.291 GC heap before
{Heap before GC invocations=25 (full 0):
 garbage-first heap   total reserved 1527808K, committed 83968K, used 66187K [0x00000000a2c00000, 0x0000000100000000)
  region size 1024K, 20 young (20480K), 2 survivors (2048K)
 Metaspace       used 86124K, committed 86720K, reserved 1179648K
  class space    used 9597K, committed 9856K, reserved 1048576K
}
Event: 24.294 GC heap after
{Heap after GC invocations=26 (full 0):
 garbage-first heap   total reserved 1527808K, committed 83968K, used 51286K [0x00000000a2c00000, 0x0000000100000000)
  region size 1024K, 3 young (3072K), 3 survivors (3072K)
 Metaspace       used 86124K, committed 86720K, reserved 1179648K
  class space    used 9597K, committed 9856K, reserved 1048576K
}
Event: 24.483 GC heap before
{Heap before GC invocations=26 (full 0):
 garbage-first heap   total reserved 1527808K, committed 83968K, used 73814K [0x00000000a2c00000, 0x0000000100000000)
  region size 1024K, 26 young (26624K), 3 survivors (3072K)
 Metaspace       used 88219K, committed 88768K, reserved 1179648K
  class space    used 9926K, committed 10176K, reserved 1048576K
}
Event: 24.487 GC heap after
{Heap after GC invocations=27 (full 0):
 garbage-first heap   total reserved 1527808K, committed 83968K, used 51524K [0x00000000a2c00000, 0x0000000100000000)
  region size 1024K, 2 young (2048K), 2 survivors (2048K)
 Metaspace       used 88219K, committed 88768K, reserved 1179648K
  class space    used 9926K, committed 10176K, reserved 1048576K
}
Event: 24.855 GC heap before
{Heap before GC invocations=27 (full 0):
 garbage-first heap   total reserved 1527808K, committed 83968K, used 75076K [0x00000000a2c00000, 0x0000000100000000)
  region size 1024K, 25 young (25600K), 2 survivors (2048K)
 Metaspace       used 89735K, committed 90368K, reserved 1179648K
  class space    used 10094K, committed 10368K, reserved 1048576K
}
Event: 24.858 GC heap after
{Heap after GC invocations=28 (full 0):
 garbage-first heap   total reserved 1527808K, committed 83968K, used 52889K [0x00000000a2c00000, 0x0000000100000000)
  region size 1024K, 3 young (3072K), 3 survivors (3072K)
 Metaspace       used 89735K, committed 90368K, reserved 1179648K
  class space    used 10094K, committed 10368K, reserved 1048576K
}
Event: 24.943 GC heap before
{Heap before GC invocations=29 (full 0):
 garbage-first heap   total reserved 1527808K, committed 91136K, used 74393K [0x00000000a2c00000, 0x0000000100000000)
  region size 1024K, 24 young (24576K), 3 survivors (3072K)
 Metaspace       used 89738K, committed 90368K, reserved 1179648K
  class space    used 10094K, committed 10368K, reserved 1048576K
}
Event: 24.946 GC heap after
{Heap after GC invocations=30 (full 0):
 garbage-first heap   total reserved 1527808K, committed 91136K, used 53313K [0x00000000a2c00000, 0x0000000100000000)
  region size 1024K, 2 young (2048K), 2 survivors (2048K)
 Metaspace       used 89738K, committed 90368K, reserved 1179648K
  class space    used 10094K, committed 10368K, reserved 1048576K
}
Event: 25.036 GC heap before
{Heap before GC invocations=30 (full 0):
 garbage-first heap   total reserved 1527808K, committed 91136K, used 81985K [0x00000000a2c00000, 0x0000000100000000)
  region size 1024K, 30 young (30720K), 2 survivors (2048K)
 Metaspace       used 89740K, committed 90432K, reserved 1179648K
  class space    used 10095K, committed 10368K, reserved 1048576K
}
Event: 25.040 GC heap after
{Heap after GC invocations=31 (full 0):
 garbage-first heap   total reserved 1527808K, committed 91136K, used 52895K [0x00000000a2c00000, 0x0000000100000000)
  region size 1024K, 3 young (3072K), 3 survivors (3072K)
 Metaspace       used 89740K, committed 90432K, reserved 1179648K
  class space    used 10095K, committed 10368K, reserved 1048576K
}
Event: 25.271 GC heap before
{Heap before GC invocations=31 (full 0):
 garbage-first heap   total reserved 1527808K, committed 91136K, used 81567K [0x00000000a2c00000, 0x0000000100000000)
  region size 1024K, 31 young (31744K), 3 survivors (3072K)
 Metaspace       used 90286K, committed 90944K, reserved 1179648K
  class space    used 10150K, committed 10432K, reserved 1048576K
}
Event: 25.275 GC heap after
{Heap after GC invocations=32 (full 0):
 garbage-first heap   total reserved 1527808K, committed 262144K, used 54067K [0x00000000a2c00000, 0x0000000100000000)
  region size 1024K, 4 young (4096K), 4 survivors (4096K)
 Metaspace       used 90286K, committed 90944K, reserved 1179648K
  class space    used 10150K, committed 10432K, reserved 1048576K
}
Event: 27.686 GC heap before
{Heap before GC invocations=33 (full 0):
 garbage-first heap   total reserved 1527808K, committed 184320K, used 160563K [0x00000000a2c00000, 0x0000000100000000)
  region size 1024K, 108 young (110592K), 4 survivors (4096K)
 Metaspace       used 97544K, committed 98368K, reserved 1179648K
  class space    used 10986K, committed 11328K, reserved 1048576K
}
Event: 27.695 GC heap after
{Heap after GC invocations=34 (full 0):
 garbage-first heap   total reserved 1527808K, committed 184320K, used 59912K [0x00000000a2c00000, 0x0000000100000000)
  region size 1024K, 9 young (9216K), 9 survivors (9216K)
 Metaspace       used 97544K, committed 98368K, reserved 1179648K
  class space    used 10986K, committed 11328K, reserved 1048576K
}

